2024-04-23 12:03:09,763 INFO c.r.e.EarthquakeRestApiApplication [main] Starting EarthquakeRestApiApplication using Java 17.0.10 with PID 20921 (/home/roshan/Documents/RestApi-Quakes/earthquake-rest-api/earthquake-rest-api/target/classes started by roshan in /home/roshan/Documents/RestApi-Quakes/earthquake-rest-api/earthquake-rest-api)
2024-04-23 12:03:09,766 DEBUG c.r.e.EarthquakeRestApiApplication [main] Running with Spring Boot v3.2.2, Spring v6.1.3
2024-04-23 12:03:09,766 INFO c.r.e.EarthquakeRestApiApplication [main] No active profile set, falling back to 1 default profile: "default"
2024-04-23 12:03:11,010 ERROR o.s.b.d.LoggingFailureAnalysisReporter [main] 

***************************
APPLICATION FAILED TO START
***************************

Description:

Failed to configure a DataSource: 'url' attribute is not specified and no embedded datasource could be configured.

Reason: Failed to determine a suitable driver class


Action:

Consider the following:
	If you want an embedded database (H2, HSQL or Derby), please put it on the classpath.
	If you have database settings to be loaded from a particular profile you may need to activate it (no profiles are currently active).

2024-04-23 12:03:38,399 INFO c.r.e.EarthquakeRestApiApplication [main] Starting EarthquakeRestApiApplication using Java 17.0.10 with PID 21081 (/home/roshan/Documents/RestApi-Quakes/earthquake-rest-api/earthquake-rest-api/target/classes started by roshan in /home/roshan/Documents/RestApi-Quakes/earthquake-rest-api/earthquake-rest-api)
2024-04-23 12:03:38,400 DEBUG c.r.e.EarthquakeRestApiApplication [main] Running with Spring Boot v3.2.2, Spring v6.1.3
2024-04-23 12:03:38,401 INFO c.r.e.EarthquakeRestApiApplication [main] No active profile set, falling back to 1 default profile: "default"
2024-04-23 12:03:39,570 ERROR o.s.b.d.LoggingFailureAnalysisReporter [main] 

***************************
APPLICATION FAILED TO START
***************************

Description:

Failed to configure a DataSource: 'url' attribute is not specified and no embedded datasource could be configured.

Reason: Failed to determine a suitable driver class


Action:

Consider the following:
	If you want an embedded database (H2, HSQL or Derby), please put it on the classpath.
	If you have database settings to be loaded from a particular profile you may need to activate it (no profiles are currently active).

2024-04-23 12:08:47,788 INFO c.r.e.EarthquakeRestApiApplication [main] Starting EarthquakeRestApiApplication using Java 17.0.10 with PID 21499 (/home/roshan/Documents/RestApi-Quakes/earthquake-rest-api/earthquake-rest-api/target/classes started by roshan in /home/roshan/Documents/RestApi-Quakes/earthquake-rest-api/earthquake-rest-api)
2024-04-23 12:08:47,789 DEBUG c.r.e.EarthquakeRestApiApplication [main] Running with Spring Boot v3.2.2, Spring v6.1.3
2024-04-23 12:08:47,790 INFO c.r.e.EarthquakeRestApiApplication [main] No active profile set, falling back to 1 default profile: "default"
2024-04-23 12:08:48,726 ERROR o.s.b.d.LoggingFailureAnalysisReporter [main] 

***************************
APPLICATION FAILED TO START
***************************

Description:

Failed to configure a DataSource: 'url' attribute is not specified and no embedded datasource could be configured.

Reason: Failed to determine a suitable driver class


Action:

Consider the following:
	If you want an embedded database (H2, HSQL or Derby), please put it on the classpath.
	If you have database settings to be loaded from a particular profile you may need to activate it (no profiles are currently active).

2024-04-23 12:09:25,025 INFO c.r.e.EarthquakeRestApiApplication [main] Starting EarthquakeRestApiApplication using Java 17.0.10 with PID 21597 (/home/roshan/Documents/RestApi-Quakes/earthquake-rest-api/earthquake-rest-api/target/classes started by roshan in /home/roshan/Documents/RestApi-Quakes/earthquake-rest-api/earthquake-rest-api)
2024-04-23 12:09:25,026 DEBUG c.r.e.EarthquakeRestApiApplication [main] Running with Spring Boot v3.2.2, Spring v6.1.3
2024-04-23 12:09:25,027 INFO c.r.e.EarthquakeRestApiApplication [main] No active profile set, falling back to 1 default profile: "default"
2024-04-23 12:09:26,003 ERROR o.s.b.d.LoggingFailureAnalysisReporter [main] 

***************************
APPLICATION FAILED TO START
***************************

Description:

Failed to configure a DataSource: 'url' attribute is not specified and no embedded datasource could be configured.

Reason: Failed to determine a suitable driver class


Action:

Consider the following:
	If you want an embedded database (H2, HSQL or Derby), please put it on the classpath.
	If you have database settings to be loaded from a particular profile you may need to activate it (no profiles are currently active).

