2024-02-08 16:49:42,163 INFO c.r.e.EarthquakeRestApiApplication [main] Starting EarthquakeRestApiApplication using Java 21.0.1 with PID 35704 (/home/roshan/Documents/RestApi-Quakes/earthquake-rest-api/earthquake-rest-api/target/classes started by roshan in /home/roshan/Documents/RestApi-Quakes/earthquake-rest-api/earthquake-rest-api)
2024-02-08 16:49:42,171 DEBUG c.r.e.EarthquakeRestApiApplication [main] Running with Spring Boot v3.2.2, Spring v6.1.3
2024-02-08 16:49:42,172 INFO c.r.e.EarthquakeRestApiApplication [main] No active profile set, falling back to 1 default profile: "default"
2024-02-08 16:49:43,504 INFO c.r.e.EarthquakeRestApiApplication [main] Started EarthquakeRestApiApplication in 1.749 seconds (process running for 2.717)
2024-02-08 16:49:57,485 INFO c.r.e.s.EarthQuakeClientImpl [http-nio-8080-exec-3] Filtered earthquakes by magnitude greater than 5.0. Number of quakes: 3
2024-02-08 16:49:57,486 INFO c.r.e.s.EarthQuakeClientImpl [http-nio-8080-exec-3] Magnitude: 5.5, Location: Location[null 26.379400,142.705500 acc=??? t=?!?], Info: 91km SSE of Chichi-shima, Japan
2024-02-08 16:49:57,487 INFO c.r.e.s.EarthQuakeClientImpl [http-nio-8080-exec-3] Magnitude: 5.1, Location: Location[null -11.627000,165.516500 acc=??? t=?!?], Info: 106km SSW of Lata, Solomon Islands
2024-02-08 16:49:57,487 INFO c.r.e.s.EarthQuakeClientImpl [http-nio-8080-exec-3] Magnitude: 5.1, Location: Location[null -24.666500,-175.932600 acc=??? t=?!?], Info: South of Tonga
2024-02-08 16:49:57,488 INFO c.r.e.s.EarthQuakeClientImpl [http-nio-8080-exec-3] Number of earthquakes with magnitude greater than 5.0: 3
2024-02-08 16:49:57,488 INFO c.r.e.s.EarthQuakeClientImpl [http-nio-8080-exec-3] Read data for 25 quakes
2024-02-08 16:52:40,880 INFO c.r.e.EarthquakeRestApiApplication [main] Starting EarthquakeRestApiApplication using Java 21.0.1 with PID 36174 (/home/roshan/Documents/RestApi-Quakes/earthquake-rest-api/earthquake-rest-api/target/classes started by roshan in /home/roshan/Documents/RestApi-Quakes/earthquake-rest-api/earthquake-rest-api)
2024-02-08 16:52:40,881 DEBUG c.r.e.EarthquakeRestApiApplication [main] Running with Spring Boot v3.2.2, Spring v6.1.3
2024-02-08 16:52:40,882 INFO c.r.e.EarthquakeRestApiApplication [main] No active profile set, falling back to 1 default profile: "default"
2024-02-08 16:52:42,096 INFO c.r.e.EarthquakeRestApiApplication [main] Started EarthquakeRestApiApplication in 1.611 seconds (process running for 2.42)
2024-02-08 16:59:20,876 INFO c.r.e.EarthquakeRestApiApplication [main] Starting EarthquakeRestApiApplication using Java 21.0.1 with PID 36592 (/home/roshan/Documents/RestApi-Quakes/earthquake-rest-api/earthquake-rest-api/target/classes started by roshan in /home/roshan/Documents/RestApi-Quakes/earthquake-rest-api/earthquake-rest-api)
2024-02-08 16:59:20,878 DEBUG c.r.e.EarthquakeRestApiApplication [main] Running with Spring Boot v3.2.2, Spring v6.1.3
2024-02-08 16:59:20,879 INFO c.r.e.EarthquakeRestApiApplication [main] No active profile set, falling back to 1 default profile: "default"
2024-02-08 16:59:21,976 INFO c.r.e.EarthquakeRestApiApplication [main] Started EarthquakeRestApiApplication in 1.482 seconds (process running for 2.388)
2024-02-08 17:05:09,071 INFO c.r.e.EarthquakeRestApiApplication [main] Starting EarthquakeRestApiApplication using Java 21.0.1 with PID 38231 (/home/roshan/Documents/RestApi-Quakes/earthquake-rest-api/earthquake-rest-api/target/classes started by roshan in /home/roshan/Documents/RestApi-Quakes/earthquake-rest-api/earthquake-rest-api)
2024-02-08 17:05:09,071 DEBUG c.r.e.EarthquakeRestApiApplication [main] Running with Spring Boot v3.2.2, Spring v6.1.3
2024-02-08 17:05:09,072 INFO c.r.e.EarthquakeRestApiApplication [main] No active profile set, falling back to 1 default profile: "default"
2024-02-08 17:05:10,220 INFO c.r.e.EarthquakeRestApiApplication [main] Started EarthquakeRestApiApplication in 1.551 seconds (process running for 2.374)
