2024-02-04 18:27:47,482 INFO c.r.e.EarthquakeRestApiApplication [main] Starting EarthquakeRestApiApplication using Java 21.0.1 with PID 13210 (/home/roshan/Documents/RestApi-Quakes/earthquake-rest-api/earthquake-rest-api/target/classes started by roshan in /home/roshan/Documents/RestApi-Quakes/earthquake-rest-api/earthquake-rest-api)
2024-02-04 18:27:47,490 DEBUG c.r.e.EarthquakeRestApiApplication [main] Running with Spring Boot v3.2.2, Spring v6.1.3
2024-02-04 18:27:47,491 INFO c.r.e.EarthquakeRestApiApplication [main] No active profile set, falling back to 1 default profile: "default"
2024-02-04 18:27:48,821 INFO c.r.e.EarthquakeRestApiApplication [main] Started EarthquakeRestApiApplication in 1.711 seconds (process running for 2.383)
2024-02-04 18:27:50,005 INFO c.r.e.s.EarthQuakeClientImpl [http-nio-8080-exec-1] Filtered earthquakes by magnitude greater than 5.0. Number of quakes: 3
2024-02-04 18:27:50,006 INFO c.r.e.s.EarthQuakeClientImpl [http-nio-8080-exec-1] Magnitude: 5.5, Location: Location[null 26.379400,142.705500 acc=??? t=?!?], Info: 91km SSE of Chichi-shima, Japan
2024-02-04 18:27:50,007 INFO c.r.e.s.EarthQuakeClientImpl [http-nio-8080-exec-1] Magnitude: 5.1, Location: Location[null -11.627000,165.516500 acc=??? t=?!?], Info: 106km SSW of Lata, Solomon Islands
2024-02-04 18:27:50,007 INFO c.r.e.s.EarthQuakeClientImpl [http-nio-8080-exec-1] Magnitude: 5.1, Location: Location[null -24.666500,-175.932600 acc=??? t=?!?], Info: South of Tonga
2024-02-04 18:27:50,007 INFO c.r.e.s.EarthQuakeClientImpl [http-nio-8080-exec-1] Number of earthquakes with magnitude greater than 5.0: 3
2024-02-04 18:27:50,008 INFO c.r.e.s.EarthQuakeClientImpl [http-nio-8080-exec-1] Read data for 25 quakes
2024-02-04 18:29:39,350 INFO c.r.e.EarthquakeRestApiApplication [main] Starting EarthquakeRestApiApplication using Java 21.0.1 with PID 13606 (/home/roshan/Documents/RestApi-Quakes/earthquake-rest-api/earthquake-rest-api/target/classes started by roshan in /home/roshan/Documents/RestApi-Quakes/earthquake-rest-api/earthquake-rest-api)
2024-02-04 18:29:39,350 DEBUG c.r.e.EarthquakeRestApiApplication [main] Running with Spring Boot v3.2.2, Spring v6.1.3
2024-02-04 18:29:39,351 INFO c.r.e.EarthquakeRestApiApplication [main] No active profile set, falling back to 1 default profile: "default"
2024-02-04 18:29:40,546 INFO c.r.e.EarthquakeRestApiApplication [main] Started EarthquakeRestApiApplication in 1.578 seconds (process running for 2.411)
2024-02-04 18:29:41,310 INFO c.r.e.s.EarthQuakeClientImpl [http-nio-8080-exec-1] Filtered earthquakes by magnitude greater than 5.0. Number of quakes: 3
2024-02-04 18:29:41,311 INFO c.r.e.s.EarthQuakeClientImpl [http-nio-8080-exec-1] Magnitude: 5.5, Location: Location[null 26.379400,142.705500 acc=??? t=?!?], Info: 91km SSE of Chichi-shima, Japan
2024-02-04 18:29:41,311 INFO c.r.e.s.EarthQuakeClientImpl [http-nio-8080-exec-1] Magnitude: 5.1, Location: Location[null -11.627000,165.516500 acc=??? t=?!?], Info: 106km SSW of Lata, Solomon Islands
2024-02-04 18:29:41,311 INFO c.r.e.s.EarthQuakeClientImpl [http-nio-8080-exec-1] Magnitude: 5.1, Location: Location[null -24.666500,-175.932600 acc=??? t=?!?], Info: South of Tonga
2024-02-04 18:29:41,311 INFO c.r.e.s.EarthQuakeClientImpl [http-nio-8080-exec-1] Number of earthquakes with magnitude greater than 5.0: 3
2024-02-04 18:29:41,311 INFO c.r.e.s.EarthQuakeClientImpl [http-nio-8080-exec-1] Read data for 25 quakes
2024-02-04 18:30:38,461 INFO c.r.e.EarthquakeRestApiApplication [main] Starting EarthquakeRestApiApplication using Java 21.0.1 with PID 13793 (/home/roshan/Documents/RestApi-Quakes/earthquake-rest-api/earthquake-rest-api/target/classes started by roshan in /home/roshan/Documents/RestApi-Quakes/earthquake-rest-api/earthquake-rest-api)
2024-02-04 18:30:38,462 DEBUG c.r.e.EarthquakeRestApiApplication [main] Running with Spring Boot v3.2.2, Spring v6.1.3
2024-02-04 18:30:38,463 INFO c.r.e.EarthquakeRestApiApplication [main] No active profile set, falling back to 1 default profile: "default"
2024-02-04 18:30:39,862 INFO c.r.e.EarthquakeRestApiApplication [main] Started EarthquakeRestApiApplication in 1.97 seconds (process running for 3.033)
2024-02-04 18:30:41,024 INFO c.r.e.s.EarthQuakeClientImpl [http-nio-8080-exec-1] Filtered earthquakes by magnitude greater than 5.0. Number of quakes: 3
2024-02-04 18:30:41,025 INFO c.r.e.s.EarthQuakeClientImpl [http-nio-8080-exec-1] Magnitude: 5.5, Location: Location[null 26.379400,142.705500 acc=??? t=?!?], Info: 91km SSE of Chichi-shima, Japan
2024-02-04 18:30:41,026 INFO c.r.e.s.EarthQuakeClientImpl [http-nio-8080-exec-1] Magnitude: 5.1, Location: Location[null -11.627000,165.516500 acc=??? t=?!?], Info: 106km SSW of Lata, Solomon Islands
2024-02-04 18:30:41,026 INFO c.r.e.s.EarthQuakeClientImpl [http-nio-8080-exec-1] Magnitude: 5.1, Location: Location[null -24.666500,-175.932600 acc=??? t=?!?], Info: South of Tonga
2024-02-04 18:30:41,026 INFO c.r.e.s.EarthQuakeClientImpl [http-nio-8080-exec-1] Number of earthquakes with magnitude greater than 5.0: 3
2024-02-04 18:30:41,026 INFO c.r.e.s.EarthQuakeClientImpl [http-nio-8080-exec-1] Read data for 25 quakes
