2024-02-05 11:05:37,004 INFO c.r.e.EarthquakeRestApiApplication [main] Starting EarthquakeRestApiApplication using Java 21.0.1 with PID 19825 (/home/roshan/Documents/RestApi-Quakes/earthquake-rest-api/earthquake-rest-api/target/classes started by roshan in /home/roshan/Documents/RestApi-Quakes/earthquake-rest-api/earthquake-rest-api)
2024-02-05 11:05:37,013 DEBUG c.r.e.EarthquakeRestApiApplication [main] Running with Spring Boot v3.2.2, Spring v6.1.3
2024-02-05 11:05:37,013 INFO c.r.e.EarthquakeRestApiApplication [main] No active profile set, falling back to 1 default profile: "default"
2024-02-05 11:05:38,354 INFO c.r.e.EarthquakeRestApiApplication [main] Started EarthquakeRestApiApplication in 1.845 seconds (process running for 2.977)
2024-02-05 11:05:46,968 INFO c.r.e.s.EarthQuakeClientImpl [http-nio-8080-exec-1] Filtered earthquakes by magnitude greater than 5.0. Number of quakes: 3
2024-02-05 11:05:46,969 INFO c.r.e.s.EarthQuakeClientImpl [http-nio-8080-exec-1] Magnitude: 5.5, Location: Location[null 26.379400,142.705500 acc=??? t=?!?], Info: 91km SSE of Chichi-shima, Japan
2024-02-05 11:05:46,970 INFO c.r.e.s.EarthQuakeClientImpl [http-nio-8080-exec-1] Magnitude: 5.1, Location: Location[null -11.627000,165.516500 acc=??? t=?!?], Info: 106km SSW of Lata, Solomon Islands
2024-02-05 11:05:46,970 INFO c.r.e.s.EarthQuakeClientImpl [http-nio-8080-exec-1] Magnitude: 5.1, Location: Location[null -24.666500,-175.932600 acc=??? t=?!?], Info: South of Tonga
2024-02-05 11:05:46,970 INFO c.r.e.s.EarthQuakeClientImpl [http-nio-8080-exec-1] Number of earthquakes with magnitude greater than 5.0: 3
2024-02-05 11:05:46,970 INFO c.r.e.s.EarthQuakeClientImpl [http-nio-8080-exec-1] Read data for 25 quakes
2024-02-05 11:24:23,966 INFO c.r.e.EarthquakeRestApiApplication [main] Starting EarthquakeRestApiApplication using Java 21.0.1 with PID 21496 (/home/roshan/Documents/RestApi-Quakes/earthquake-rest-api/earthquake-rest-api/target/classes started by roshan in /home/roshan/Documents/RestApi-Quakes/earthquake-rest-api/earthquake-rest-api)
2024-02-05 11:24:23,969 DEBUG c.r.e.EarthquakeRestApiApplication [main] Running with Spring Boot v3.2.2, Spring v6.1.3
2024-02-05 11:24:23,971 INFO c.r.e.EarthquakeRestApiApplication [main] No active profile set, falling back to 1 default profile: "default"
2024-02-05 11:24:25,510 INFO c.r.e.EarthquakeRestApiApplication [main] Started EarthquakeRestApiApplication in 2.012 seconds (process running for 3.163)
2024-02-05 11:30:15,592 INFO c.r.e.EarthquakeRestApiApplication [main] Starting EarthquakeRestApiApplication using Java 21.0.1 with PID 22018 (/home/roshan/Documents/RestApi-Quakes/earthquake-rest-api/earthquake-rest-api/target/classes started by roshan in /home/roshan/Documents/RestApi-Quakes/earthquake-rest-api/earthquake-rest-api)
2024-02-05 11:30:15,593 DEBUG c.r.e.EarthquakeRestApiApplication [main] Running with Spring Boot v3.2.2, Spring v6.1.3
2024-02-05 11:30:15,595 INFO c.r.e.EarthquakeRestApiApplication [main] No active profile set, falling back to 1 default profile: "default"
2024-02-05 11:30:16,928 INFO c.r.e.EarthquakeRestApiApplication [main] Started EarthquakeRestApiApplication in 1.776 seconds (process running for 2.969)
2024-02-05 11:30:26,482 INFO c.r.e.s.EarthQuakeClientImpl [http-nio-8080-exec-1] Filtered earthquakes by magnitude greater than 5.0. Number of quakes: 3
2024-02-05 11:30:26,483 INFO c.r.e.s.EarthQuakeClientImpl [http-nio-8080-exec-1] Magnitude: 5.5, Location: Location[null 26.379400,142.705500 acc=??? t=?!?], Info: 91km SSE of Chichi-shima, Japan
2024-02-05 11:30:26,484 INFO c.r.e.s.EarthQuakeClientImpl [http-nio-8080-exec-1] Magnitude: 5.1, Location: Location[null -11.627000,165.516500 acc=??? t=?!?], Info: 106km SSW of Lata, Solomon Islands
2024-02-05 11:30:26,484 INFO c.r.e.s.EarthQuakeClientImpl [http-nio-8080-exec-1] Magnitude: 5.1, Location: Location[null -24.666500,-175.932600 acc=??? t=?!?], Info: South of Tonga
2024-02-05 11:30:26,484 INFO c.r.e.s.EarthQuakeClientImpl [http-nio-8080-exec-1] Number of earthquakes with magnitude greater than 5.0: 3
2024-02-05 11:30:26,484 INFO c.r.e.s.EarthQuakeClientImpl [http-nio-8080-exec-1] Read data for 25 quakes
2024-02-05 12:44:13,854 INFO c.r.e.EarthquakeRestApiApplication [main] Starting EarthquakeRestApiApplication using Java 21.0.1 with PID 25881 (/home/roshan/Documents/RestApi-Quakes/earthquake-rest-api/earthquake-rest-api/target/classes started by roshan in /home/roshan/Documents/RestApi-Quakes/earthquake-rest-api/earthquake-rest-api)
2024-02-05 12:44:13,855 DEBUG c.r.e.EarthquakeRestApiApplication [main] Running with Spring Boot v3.2.2, Spring v6.1.3
2024-02-05 12:44:13,856 INFO c.r.e.EarthquakeRestApiApplication [main] No active profile set, falling back to 1 default profile: "default"
2024-02-05 12:44:15,153 INFO c.r.e.EarthquakeRestApiApplication [main] Started EarthquakeRestApiApplication in 1.707 seconds (process running for 2.768)
2024-02-05 12:44:19,772 INFO c.r.e.s.EarthQuakeClientImpl [http-nio-8080-exec-1] Filtered earthquakes by magnitude greater than 5.0. Number of quakes: 3
2024-02-05 12:44:19,773 INFO c.r.e.s.EarthQuakeClientImpl [http-nio-8080-exec-1] Magnitude: 5.5, Location: Location[null 26.379400,142.705500 acc=??? t=?!?], Info: 91km SSE of Chichi-shima, Japan
2024-02-05 12:44:19,774 INFO c.r.e.s.EarthQuakeClientImpl [http-nio-8080-exec-1] Magnitude: 5.1, Location: Location[null -11.627000,165.516500 acc=??? t=?!?], Info: 106km SSW of Lata, Solomon Islands
2024-02-05 12:44:19,774 INFO c.r.e.s.EarthQuakeClientImpl [http-nio-8080-exec-1] Magnitude: 5.1, Location: Location[null -24.666500,-175.932600 acc=??? t=?!?], Info: South of Tonga
2024-02-05 12:44:19,774 INFO c.r.e.s.EarthQuakeClientImpl [http-nio-8080-exec-1] Number of earthquakes with magnitude greater than 5.0: 3
2024-02-05 12:44:19,774 INFO c.r.e.s.EarthQuakeClientImpl [http-nio-8080-exec-1] Read data for 25 quakes
